 Fields to use
 Latitude range and number of values        58.000    65.000        36
 Longitude range and number of values        2.000     8.000        31
 Contour level to plot and color          90.0
 Contour level to plot and color          50.0
 Contour level to plot and color          20.0
 Contour level to plot and color           5.0
 Contour level to plot and color           2.0
 Contour level to plot and color           1.8
 Contour level to plot and color           1.6
 Contour level to plot and color           1.4
 Contour level to plot and color           1.2
 Contour level to plot and color           1.0
 Contour level to plot and color           0.9
 Contour level to plot and color           0.8
 Contour level to plot and color           0.7
 Contour level to plot and color           0.6
 Contour level to plot and color           0.5
 Contour level to plot and color           0.4
 Contour level to plot and color           0.3
 Contour level to plot and color           0.2
 Contour level to plot and color           0.1
   2.00000000       58.0000000       13.5054846    
   2.20000005       58.0000000       13.4402027    
   2.40000010       58.0000000       13.3867531    
   2.59999990       58.0000000       13.3460035    
   2.79999995       58.0000000       13.3179178    
   3.00000000       58.0000000       13.3023195    
   3.20000005       58.0000000       13.2991352    
   3.40000010       58.0000000       13.3080988    
   3.59999990       58.0000000       13.3288469    
   3.79999995       58.0000000       13.3609428    
   4.00000000       58.0000000       13.4038811    
   4.19999981       58.0000000       13.4571142    
   4.40000010       58.0000000       13.5201178    
   4.59999990       58.0000000       13.5924149    
   4.80000019       58.0000000       13.6736622    
   5.00000000       58.0000000       13.7664099    
   5.19999981       58.0000000       13.8670702    
   5.40000010       58.0000000       13.9743786    
   5.59999990       58.0000000       14.0891066    
   5.80000019       58.0000000       14.2168598    
   6.00000000       58.0000000       14.3568535    
   6.20000029       58.0000000       14.5094748    
   6.40000010       58.0000000       14.6757812    
   6.59999990       58.0000000       14.8567486    
   6.80000019       58.0000000       15.0532484    
   7.00000000       58.0000000       15.2659349    
   7.20000029       58.0000000       15.4953175    
   7.40000010       58.0000000       15.7415590    
   7.59999990       58.0000000       16.0046692    
   7.80000019       58.0000000       16.2846546    
   8.00000000       58.0000000       16.5811749    
   2.00000000       58.2000008       13.0443258    
   2.20000005       58.2000008       12.9814177    
   2.40000010       58.2000008       12.9320774    
   2.59999990       58.2000008       12.8964376    
   2.79999995       58.2000008       12.8745146    
   3.00000000       58.2000008       12.8662319    
   3.20000005       58.2000008       12.8713865    
   3.40000010       58.2000008       12.8896475    
   3.59999990       58.2000008       12.9205360    
   3.79999995       58.2000008       12.9634466    
   4.00000000       58.2000008       13.0256920    
   4.19999981       58.2000008       13.1063118    
   4.40000010       58.2000008       13.1938992    
   4.59999990       58.2000008       13.2872820    
   4.80000019       58.2000008       13.3854713    
   5.00000000       58.2000008       13.4878187    
   5.19999981       58.2000008       13.5941620    
   5.40000010       58.2000008       13.7049255    
   5.59999990       58.2000008       13.8211365    
   5.80000019       58.2000008       13.9443293    
   6.00000000       58.2000008       14.0764122    
   6.20000029       58.2000008       14.2194424    
   6.40000010       58.2000008       14.3754644    
   6.59999990       58.2000008       14.5473289    
   6.80000019       58.2000008       14.7481766    
   7.00000000       58.2000008       14.9666309    
   7.20000029       58.2000008       15.2033558    
   7.40000010       58.2000008       15.4587250    
   7.59999990       58.2000008       15.7328529    
   7.80000019       58.2000008       16.0256042    
   8.00000000       58.2000008       16.3366146    
   2.00000000       58.4000015       12.5758495    
   2.20000005       58.4000015       12.5155401    
   2.40000010       58.4000015       12.4699163    
   2.59999990       58.4000015       12.4391947    
   2.79999995       58.4000015       12.4234705    
   3.00000000       58.4000015       12.4227076    
   3.20000005       58.4000015       12.4367428    
   3.40000010       58.4000015       12.4652357    
   3.59999990       58.4000015       12.5232315    
   3.79999995       58.4000015       12.6015358    
   4.00000000       58.4000015       12.6900616    
   4.19999981       58.4000015       12.7871552    
   4.40000010       58.4000015       12.8909378    
   4.59999990       58.4000015       12.9993887    
   4.80000019       58.4000015       13.1105862    
   5.00000000       58.4000015       13.2230062    
   5.19999981       58.4000015       13.3358917    
   5.40000010       58.4000015       13.4495440    
   5.59999990       58.4000015       13.5654020    
   5.80000019       58.4000015       13.6858673    
   6.00000000       58.4000015       13.8139362    
   6.20000029       58.4000015       13.9527445    
   6.40000010       58.4000015       14.1052542    
   6.59999990       58.4000015       14.2740107    
   6.80000019       58.4000015       14.4610891    
   7.00000000       58.4000015       14.6680412    
   7.20000029       58.4000015       14.9096165    
   7.40000010       58.4000015       15.1737032    
   7.59999990       58.4000015       15.4585743    
   7.80000019       58.4000015       15.7640820    
   8.00000000       58.4000015       16.0898170    
   2.00000000       58.5999985       12.0976982    
   2.20000005       58.5999985       12.0388021    
   2.40000010       58.5999985       11.9958162    
   2.59999990       58.5999985       11.9690771    
   2.79999995       58.5999985       11.9588089    
   3.00000000       58.5999985       11.9651041    
   3.20000005       58.5999985       11.9895811    
   3.40000010       58.5999985       12.0567560    
   3.59999990       58.5999985       12.1386805    
   3.79999995       58.5999985       12.2342577    
   4.00000000       58.5999985       12.3419514    
   4.19999981       58.5999985       12.4597073    
   4.40000010       58.5999985       12.5854759    
   4.59999990       58.5999985       12.7203636    
   4.80000019       58.5999985       12.8543501    
   5.00000000       58.5999985       12.9837532    
   5.19999981       58.5999985       13.1060791    
   5.40000010       58.5999985       13.2210588    
   5.59999990       58.5999985       13.3311062    
   5.80000019       58.5999985       13.4407892    
   6.00000000       58.5999985       13.5556583    
   6.20000029       58.5999985       13.6833277    
   6.40000010       58.5999985       13.8291903    
   6.59999990       58.5999985       13.9936514    
   6.80000019       58.5999985       14.1791048    
   7.00000000       58.5999985       14.3871965    
   7.20000029       58.5999985       14.6190434    
   7.40000010       58.5999985       14.8828478    
   7.59999990       58.5999985       15.1786013    
   7.80000019       58.5999985       15.4972429    
   8.00000000       58.5999985       15.8383312    
   2.00000000       58.7999992       11.6062050    
   2.20000005       58.7999992       11.5468369    
   2.40000010       58.7999992       11.5046139    
   2.59999990       58.7999992       11.4800358    
   2.79999995       58.7999992       11.4734983    
   3.00000000       58.7999992       11.4852829    
   3.20000005       58.7999992       11.5458908    
   3.40000010       58.7999992       11.6250448    
   3.59999990       58.7999992       11.7217016    
   3.79999995       58.7999992       11.8350677    
   4.00000000       58.7999992       11.9638653    
   4.19999981       58.7999992       12.1144218    
   4.40000010       58.7999992       12.2751455    
   4.59999990       58.7999992       12.4407387    
   4.80000019       58.7999992       12.6045275    
   5.00000000       58.7999992       12.7581911    
   5.19999981       58.7999992       12.8939409    
   5.40000010       58.7999992       13.0087757    
   5.59999990       58.7999992       13.1080418    
   5.80000019       58.7999992       13.2036867    
   6.00000000       58.7999992       13.3037252    
   6.20000029       58.7999992       13.4165697    
   6.40000010       58.7999992       13.5478659    
   6.59999990       58.7999992       13.7049513    
   6.80000019       58.7999992       13.8885393    
   7.00000000       58.7999992       14.0972462    
   7.20000029       58.7999992       14.3319273    
   7.40000010       58.7999992       14.5932398    
   7.59999990       58.7999992       14.8901663    
   7.80000019       58.7999992       15.2212000    
   8.00000000       58.7999992       15.5784845    
   2.00000000       59.0000000       11.0980377    
   2.20000005       59.0000000       11.0355234    
   2.40000010       59.0000000       10.9912882    
   2.59999990       59.0000000       10.9659977    
   2.79999995       59.0000000       10.9602365    
   3.00000000       59.0000000       10.9915600    
   3.20000005       59.0000000       11.0585299    
   3.40000010       59.0000000       11.1459169    
   3.59999990       59.0000000       11.2536879    
   3.79999995       59.0000000       11.3816090    
   4.00000000       59.0000000       11.5379038    
   4.19999981       59.0000000       11.7140045    
   4.40000010       59.0000000       11.9063225    
   4.59999990       59.0000000       12.1111946    
   4.80000019       59.0000000       12.3213320    
   5.00000000       59.0000000       12.5222549    
   5.19999981       59.0000000       12.6906700    
   5.40000010       59.0000000       12.8027267    
   5.59999990       59.0000000       12.8741035    
   5.80000019       59.0000000       12.9374294    
   6.00000000       59.0000000       13.0136137    
   6.20000029       59.0000000       13.1118832    
   6.40000010       59.0000000       13.2357960    
   6.59999990       59.0000000       13.3866291    
   6.80000019       59.0000000       13.5695066    
   7.00000000       59.0000000       13.7819271    
   7.20000029       59.0000000       14.0224390    
   7.40000010       59.0000000       14.2918434    
   7.59999990       59.0000000       14.5908604    
   7.80000019       59.0000000       14.9336252    
   8.00000000       59.0000000       15.3040056    
   2.00000000       59.2000008       10.5707598    
   2.20000005       59.2000008       10.5016670    
   2.40000010       59.2000008       10.4517593    
   2.59999990       59.2000008       10.4218597    
   2.79999995       59.2000008       10.4127102    
   3.00000000       59.2000008       10.4491558    
   3.20000005       59.2000008       10.5159683    
   3.40000010       59.2000008       10.6049843    
   3.59999990       59.2000008       10.7164087    
   3.79999995       59.2000008       10.8520784    
   4.00000000       59.2000008       11.0191584    
   4.19999981       59.2000008       11.2112017    
   4.40000010       59.2000008       11.4242792    
   4.59999990       59.2000008       11.6569176    
   4.80000019       59.2000008       11.9127712    
   5.00000000       59.2000008       12.1809759    
   5.19999981       59.2000008       12.4230499    
   5.40000010       59.2000008       12.5086908    
   5.59999990       59.2000008       12.5255508    
   5.80000019       59.2000008       12.5631666    
   6.00000000       59.2000008       12.6331015    
   6.20000029       59.2000008       12.7362986    
   6.40000010       59.2000008       12.8694954    
   6.59999990       59.2000008       13.0315933    
   6.80000019       59.2000008       13.2221346    
   7.00000000       59.2000008       13.4424715    
   7.20000029       59.2000008       13.6900063    
   7.40000010       59.2000008       13.9676743    
   7.59999990       59.2000008       14.2773361    
   7.80000019       59.2000008       14.6299610    
   8.00000000       59.2000008       15.0165901    
   2.00000000       59.4000015       10.0234041    
   2.20000005       59.4000015       9.94366932    
   2.40000010       59.4000015       9.88372517    
   2.59999990       59.4000015       9.84453201    
   2.79999995       59.4000015       9.82696247    
   3.00000000       59.4000015       9.85199165    
   3.20000005       59.4000015       9.91144943    
   3.40000010       59.4000015       9.99280357    
   3.59999990       59.4000015       10.1006880    
   3.79999995       59.4000015       10.2368174    
   4.00000000       59.4000015       10.4070740    
   4.19999981       59.4000015       10.5985031    
   4.40000010       59.4000015       10.8064680    
   4.59999990       59.4000015       11.0337400    
   4.80000019       59.4000015       11.2671623    
   5.00000000       59.4000015       11.4929600    
   5.19999981       59.4000015       11.6849298    
   5.40000010       59.4000015       11.8207912    
   5.59999990       59.4000015       11.9216557    
   5.80000019       59.4000015       12.0231714    
   6.00000000       59.4000015       12.1441402    
   6.20000029       59.4000015       12.2896128    
   6.40000010       59.4000015       12.4579325    
   6.59999990       59.4000015       12.6457453    
   6.80000019       59.4000015       12.8550434    
   7.00000000       59.4000015       13.0847425    
   7.20000029       59.4000015       13.3378525    
   7.40000010       59.4000015       13.6202898    
   7.59999990       59.4000015       13.9371929    
   7.80000019       59.4000015       14.3013954    
   8.00000000       59.4000015       14.7046652    
   2.00000000       59.5999985       9.45698643    
   2.20000005       59.5999985       9.36208248    
   2.40000010       59.5999985       9.28724766    
   2.59999990       59.5999985       9.23359585    
   2.79999995       59.5999985       9.20101261    
   3.00000000       59.5999985       9.19538689    
   3.20000005       59.5999985       9.23905087    
   3.40000010       59.5999985       9.31922722    
   3.59999990       59.5999985       9.42869759    
   3.79999995       59.5999985       9.56180382    
   4.00000000       59.5999985       9.71604538    
   4.19999981       59.5999985       9.89397430    
   4.40000010       59.5999985       10.0889215    
   4.59999990       59.5999985       10.2931147    
   4.80000019       59.5999985       10.4980373    
   5.00000000       59.5999985       10.6940880    
   5.19999981       59.5999985       10.8755054    
   5.40000010       59.5999985       11.0450506    
   5.59999990       59.5999985       11.2097082    
   5.80000019       59.5999985       11.3830032    
   6.00000000       59.5999985       11.5762053    
   6.20000029       59.5999985       11.7919178    
   6.40000010       59.5999985       12.0213966    
   6.59999990       59.5999985       12.2524023    
   6.80000019       59.5999985       12.4782591    
   7.00000000       59.5999985       12.7055254    
   7.20000029       59.5999985       12.9538536    
   7.40000010       59.5999985       13.2343884    
   7.59999990       59.5999985       13.5600042    
   7.80000019       59.5999985       13.9369230    
   8.00000000       59.5999985       14.3577652    
   2.00000000       59.7999992       8.87481689    
   2.20000005       59.7999992       8.75988579    
   2.40000010       59.7999992       8.66217518    
   2.59999990       59.7999992       8.58526230    
   2.79999995       59.7999992       8.53082848    
   3.00000000       59.7999992       8.50358200    
   3.20000005       59.7999992       8.52723789    
   3.40000010       59.7999992       8.60221672    
   3.59999990       59.7999992       8.70184422    
   3.79999995       59.7999992       8.82494640    
   4.00000000       59.7999992       8.96951580    
   4.19999981       59.7999992       9.13774014    
   4.40000010       59.7999992       9.32974815    
   4.59999990       59.7999992       9.53334904    
   4.80000019       59.7999992       9.73574257    
   5.00000000       59.7999992       9.93058014    
   5.19999981       59.7999992       10.1165199    
   5.40000010       59.7999992       10.2975521    
   5.59999990       59.7999992       10.4845848    
   5.80000019       59.7999992       10.6938696    
   6.00000000       59.7999992       10.9402256    
   6.20000029       59.7999992       11.2309361    
   6.40000010       59.7999992       11.5585899    
   6.59999990       59.7999992       11.8674326    
   6.80000019       59.7999992       12.0853376    
   7.00000000       59.7999992       12.2675371    
   7.20000029       59.7999992       12.4866781    
   7.40000010       59.7999992       12.7674618    
   7.59999990       59.7999992       13.1135292    
   7.80000019       59.7999992       13.5121403    
   8.00000000       59.7999992       13.9625444    
   2.00000000       60.0000000       8.27981663    
   2.20000005       60.0000000       8.13647556    
   2.40000010       60.0000000       8.01240730    
   2.59999990       60.0000000       7.90919971    
   2.79999995       60.0000000       7.82845163    
   3.00000000       60.0000000       7.79003334    
   3.20000005       60.0000000       7.79396439    
   3.40000010       60.0000000       7.82877779    
   3.59999990       60.0000000       7.90809631    
   3.79999995       60.0000000       8.01105595    
   4.00000000       60.0000000       8.14937592    
   4.19999981       60.0000000       8.32006073    
   4.40000010       60.0000000       8.51958275    
   4.59999990       60.0000000       8.73616982    
   4.80000019       60.0000000       8.96001816    
   5.00000000       60.0000000       9.17615032    
   5.19999981       60.0000000       9.36944389    
   5.40000010       60.0000000       9.53628540    
   5.59999990       60.0000000       9.69247723    
   5.80000019       60.0000000       9.87933445    
   6.00000000       60.0000000       10.1236515    
   6.20000029       60.0000000       10.4210901    
   6.40000010       60.0000000       10.7714939    
   6.59999990       60.0000000       11.1157665    
   6.80000019       60.0000000       11.3609800    
   7.00000000       60.0000000       11.5736856    
   7.20000029       60.0000000       11.8330317    
   7.40000010       60.0000000       12.1628542    
   7.59999990       60.0000000       12.5604467    
   7.80000019       60.0000000       13.0113096    
   8.00000000       60.0000000       13.5112972    
   2.00000000       60.2000008       7.68217134    
   2.20000005       60.2000008       7.50830078    
   2.40000010       60.2000008       7.35236168    
   2.59999990       60.2000008       7.21617556    
   2.79999995       60.2000008       7.10576344    
   3.00000000       60.2000008       7.04384899    
   3.20000005       60.2000008       7.00777388    
   3.40000010       60.2000008       7.00376749    
   3.59999990       60.2000008       7.03381252    
   3.79999995       60.2000008       7.10389471    
   4.00000000       60.2000008       7.23520565    
   4.19999981       60.2000008       7.40516138    
   4.40000010       60.2000008       7.61735535    
   4.59999990       60.2000008       7.86583424    
   4.80000019       60.2000008       8.13497162    
   5.00000000       60.2000008       8.41614819    
   5.19999981       60.2000008       8.64927387    
   5.40000010       60.2000008       8.73779488    
   5.59999990       60.2000008       8.76779270    
   5.80000019       60.2000008       8.84435558    
   6.00000000       60.2000008       9.00389290    
   6.20000029       60.2000008       9.24700928    
   6.40000010       60.2000008       9.55428600    
   6.59999990       60.2000008       9.89089680    
   6.80000019       60.2000008       10.2268295    
   7.00000000       60.2000008       10.5839157    
   7.20000029       60.2000008       10.9761200    
   7.40000010       60.2000008       11.4172764    
   7.59999990       60.2000008       11.9124851    
   7.80000019       60.2000008       12.4528160    
   8.00000000       60.2000008       13.0213823    
   2.00000000       60.4000015       7.09979105    
   2.20000005       60.4000015       6.89064121    
   2.40000010       60.4000015       6.69706488    
   2.59999990       60.4000015       6.52098227    
   2.79999995       60.4000015       6.35941362    
   3.00000000       60.4000015       6.24773693    
   3.20000005       60.4000015       6.16941452    
   3.40000010       60.4000015       6.12337112    
   3.59999990       60.4000015       6.11223650    
   3.79999995       60.4000015       6.14242172    
   4.00000000       60.4000015       6.22630787    
   4.19999981       60.4000015       6.35171938    
   4.40000010       60.4000015       6.50912476    
   4.59999990       60.4000015       6.71431732    
   4.80000019       60.4000015       6.96550894    
   5.00000000       60.4000015       7.24342394    
   5.19999981       60.4000015       7.49332237    
   5.40000010       60.4000015       7.58939409    
   5.59999990       60.4000015       7.55572557    
   5.80000019       60.4000015       7.57788897    
   6.00000000       60.4000015       7.70867777    
   6.20000029       60.4000015       7.94495726    
   6.40000010       60.4000015       8.26970959    
   6.59999990       60.4000015       8.66421413    
   6.80000019       60.4000015       9.11438560    
   7.00000000       60.4000015       9.59174156    
   7.20000029       60.4000015       10.0991659    
   7.40000010       60.4000015       10.6497707    
   7.59999990       60.4000015       11.2434082    
   7.80000019       60.4000015       11.8737383    
   8.00000000       60.4000015       12.5277567    
   2.00000000       60.5999985       6.55257225    
   2.20000005       60.5999985       6.30484962    
   2.40000010       60.5999985       6.06916857    
   2.59999990       60.5999985       5.83779526    
   2.79999995       60.5999985       5.62108135    
   3.00000000       60.5999985       5.45023584    
   3.20000005       60.5999985       5.31525517    
   3.40000010       60.5999985       5.20980597    
   3.59999990       60.5999985       5.13488388    
   3.79999995       60.5999985       5.08904409    
   4.00000000       60.5999985       5.08625698    
   4.19999981       60.5999985       5.10995770    
   4.40000010       60.5999985       5.17229414    
   4.59999990       60.5999985       5.27135181    
   4.80000019       60.5999985       5.40209293    
   5.00000000       60.5999985       5.54705858    
   5.19999981       60.5999985       5.68235636    
   5.40000010       60.5999985       5.78970766    
   5.59999990       60.5999985       5.89423609    
   5.80000019       60.5999985       6.05002975    
   6.00000000       60.5999985       6.29593372    
   6.20000029       60.5999985       6.63111019    
   6.40000010       60.5999985       7.05572033    
   6.59999990       60.5999985       7.55285978    
   6.80000019       60.5999985       8.10760880    
   7.00000000       60.5999985       8.71157169    
   7.20000029       60.5999985       9.33851433    
   7.40000010       60.5999985       9.98454952    
   7.59999990       60.5999985       10.6651335    
   7.80000019       60.5999985       11.3671083    
   8.00000000       60.5999985       12.0831718    
   2.00000000       60.7999992       6.06646204    
   2.20000005       60.7999992       5.77990341    
   2.40000010       60.7999992       5.49541759    
   2.59999990       60.7999992       5.21534252    
   2.79999995       60.7999992       4.94650936    
   3.00000000       60.7999992       4.69430065    
   3.20000005       60.7999992       4.48914337    
   3.40000010       60.7999992       4.30441952    
   3.59999990       60.7999992       4.14523649    
   3.79999995       60.7999992       4.01172876    
   4.00000000       60.7999992       3.88638067    
   4.19999981       60.7999992       3.80043840    
   4.40000010       60.7999992       3.74990726    
   4.59999990       60.7999992       3.72391009    
   4.80000019       60.7999992       3.72196364    
   5.00000000       60.7999992       3.75299144    
   5.19999981       60.7999992       3.84032655    
   5.40000010       60.7999992       3.99944758    
   5.59999990       60.7999992       4.24303770    
   5.80000019       60.7999992       4.57912016    
   6.00000000       60.7999992       5.00604725    
   6.20000029       60.7999992       5.51308203    
   6.40000010       60.7999992       6.07581902    
   6.59999990       60.7999992       6.69225740    
   6.80000019       60.7999992       7.35460424    
   7.00000000       60.7999992       8.05506516    
   7.20000029       60.7999992       8.78151321    
   7.40000010       60.7999992       9.50471783    
   7.59999990       60.7999992       10.2424746    
   7.80000019       60.7999992       10.9888229    
   8.00000000       60.7999992       11.7469683    
   2.00000000       61.0000000       5.67233372    
   2.20000005       61.0000000       5.35161638    
   2.40000010       61.0000000       5.02566004    
   2.59999990       61.0000000       4.70230389    
   2.79999995       61.0000000       4.38431644    
   3.00000000       61.0000000       4.07119942    
   3.20000005       61.0000000       3.76727009    
   3.40000010       61.0000000       3.49991584    
   3.59999990       61.0000000       3.25298619    
   3.79999995       61.0000000       3.01092100    
   4.00000000       61.0000000       2.78566575    
   4.19999981       61.0000000       2.59411287    
   4.40000010       61.0000000       2.44271183    
   4.59999990       61.0000000       2.33332682    
   4.80000019       61.0000000       2.21284676    
   5.00000000       61.0000000       2.10954905    
   5.19999981       61.0000000       2.19536376    
   5.40000010       61.0000000       2.50564957    
   5.59999990       61.0000000       2.98950720    
   5.80000019       61.0000000       3.58577037    
   6.00000000       61.0000000       4.24285507    
   6.20000029       61.0000000       4.91409397    
   6.40000010       61.0000000       5.57909822    
   6.59999990       61.0000000       6.25647354    
   6.80000019       61.0000000       6.96944332    
   7.00000000       61.0000000       7.71730661    
   7.20000029       61.0000000       8.49421978    
   7.40000010       61.0000000       9.25896168    
   7.59999990       61.0000000       10.0151825    
   7.80000019       61.0000000       10.7794456    
   8.00000000       61.0000000       11.5546350    
   2.00000000       61.2000008       5.40230942    
   2.20000005       61.2000008       5.05855656    
   2.40000010       61.2000008       4.70669031    
   2.59999990       61.2000008       4.35309744    
   2.79999995       61.2000008       4.00006437    
   3.00000000       61.2000008       3.64730453    
   3.20000005       61.2000008       3.29531217    
   3.40000010       61.2000008       2.94494224    
   3.59999990       61.2000008       2.60582614    
   3.79999995       61.2000008       2.26358962    
   4.00000000       61.2000008       1.92584848    
   4.19999981       61.2000008       1.60773969    
   4.40000010       61.2000008       1.31951344    
   4.59999990       61.2000008       1.06354070    
   4.80000019       61.2000008      0.821151972    
   5.00000000       61.2000008      0.770040631    
   5.19999981       61.2000008       1.16786087    
   5.40000010       61.2000008       1.81876314    
   5.59999990       61.2000008       2.56643748    
   5.80000019       61.2000008       3.35964894    
   6.00000000       61.2000008       4.17057848    
   6.20000029       61.2000008       4.93789864    
   6.40000010       61.2000008       5.60113049    
   6.59999990       61.2000008       6.27085447    
   6.80000019       61.2000008       6.98585272    
   7.00000000       61.2000008       7.73128843    
   7.20000029       61.2000008       8.50046444    
   7.40000010       61.2000008       9.25592518    
   7.59999990       61.2000008       10.0050478    
   7.80000019       61.2000008       10.7629251    
   8.00000000       61.2000008       11.5278845    
   2.00000000       61.4000015       5.28272343    
   2.20000005       61.4000015       4.93304682    
   2.40000010       61.4000015       4.57847738    
   2.59999990       61.4000015       4.21883440    
   2.79999995       61.4000015       3.86030841    
   3.00000000       61.4000015       3.50230813    
   3.20000005       61.4000015       3.14576769    
   3.40000010       61.4000015       2.79205155    
   3.59999990       61.4000015       2.44439816    
   3.79999995       61.4000015       2.09073019    
   4.00000000       61.4000015       1.74018931    
   4.19999981       61.4000015       1.41689491    
   4.40000010       61.4000015       1.14792359    
   4.59999990       61.4000015      0.989546835    
   4.80000019       61.4000015       1.02903736    
   5.00000000       61.4000015       1.30845988    
   5.19999981       61.4000015       1.77627432    
   5.40000010       61.4000015       2.37049055    
   5.59999990       61.4000015       3.04406953    
   5.80000019       61.4000015       3.76084256    
   6.00000000       61.4000015       4.49207258    
   6.20000029       61.4000015       5.21435928    
   6.40000010       61.4000015       5.90999603    
   6.59999990       61.4000015       6.60778379    
   6.80000019       61.4000015       7.31885242    
   7.00000000       61.4000015       8.04622173    
   7.20000029       61.4000015       8.78791809    
   7.40000010       61.4000015       9.50696278    
   7.59999990       61.4000015       10.2329397    
   7.80000019       61.4000015       10.9573889    
   8.00000000       61.4000015       11.6850567    
   2.00000000       61.5999985       5.32589817    
   2.20000005       61.5999985       4.98970461    
   2.40000010       61.5999985       4.65618992    
   2.59999990       61.5999985       4.32222223    
   2.79999995       61.5999985       3.99170661    
   3.00000000       61.5999985       3.66963363    
   3.20000005       61.5999985       3.35963392    
   3.40000010       61.5999985       3.06696606    
   3.59999990       61.5999985       2.80058932    
   3.79999995       61.5999985       2.56881976    
   4.00000000       61.5999985       2.36585522    
   4.19999981       61.5999985       2.23578048    
   4.40000010       61.5999985       2.20049620    
   4.59999990       61.5999985       2.27671623    
   4.80000019       61.5999985       2.46842742    
   5.00000000       61.5999985       2.75750113    
   5.19999981       61.5999985       3.10476160    
   5.40000010       61.5999985       3.54248500    
   5.59999990       61.5999985       4.06904697    
   5.80000019       61.5999985       4.65624571    
   6.00000000       61.5999985       5.28414488    
   6.20000029       61.5999985       5.95022106    
   6.40000010       61.5999985       6.62753105    
   6.59999990       61.5999985       7.31357765    
   6.80000019       61.5999985       8.00587845    
   7.00000000       61.5999985       8.70465660    
   7.20000029       61.5999985       9.38554382    
   7.40000010       61.5999985       10.0618000    
   7.59999990       61.5999985       10.7389393    
   7.80000019       61.5999985       11.4093857    
   8.00000000       61.5999985       12.0787201    
   2.00000000       61.7999992       5.52540636    
   2.20000005       61.7999992       5.21888494    
   2.40000010       61.7999992       4.92085171    
   2.59999990       61.7999992       4.63594675    
   2.79999995       61.7999992       4.36326551    
   3.00000000       61.7999992       4.10273361    
   3.20000005       61.7999992       3.86611724    
   3.40000010       61.7999992       3.66009688    
   3.59999990       61.7999992       3.49358845    
   3.79999995       61.7999992       3.37600636    
   4.00000000       61.7999992       3.31479764    
   4.19999981       61.7999992       3.30671239    
   4.40000010       61.7999992       3.37397218    
   4.59999990       61.7999992       3.51780891    
   4.80000019       61.7999992       3.73556185    
   5.00000000       61.7999992       4.01994276    
   5.19999981       61.7999992       4.36392021    
   5.40000010       61.7999992       4.76806545    
   5.59999990       61.7999992       5.25505877    
   5.80000019       61.7999992       5.81346464    
   6.00000000       61.7999992       6.40830040    
   6.20000029       61.7999992       7.02975178    
   6.40000010       61.7999992       7.66973829    
   6.59999990       61.7999992       8.32162476    
   6.80000019       61.7999992       8.97866631    
   7.00000000       61.7999992       9.61141872    
   7.20000029       61.7999992       10.2405319    
   7.40000010       61.7999992       10.8631191    
   7.59999990       61.7999992       11.4775581    
   7.80000019       61.7999992       12.0782747    
   8.00000000       61.7999992       12.6721811    
   2.00000000       62.0000000       5.85887194    
   2.20000005       62.0000000       5.59139061    
   2.40000010       62.0000000       5.33816767    
   2.59999990       62.0000000       5.10249233    
   2.79999995       62.0000000       4.89225149    
   3.00000000       62.0000000       4.70787716    
   3.20000005       62.0000000       4.55010223    
   3.40000010       62.0000000       4.42277384    
   3.59999990       62.0000000       4.33768940    
   3.79999995       62.0000000       4.30129623    
   4.00000000       62.0000000       4.31818724    
   4.19999981       62.0000000       4.39105606    
   4.40000010       62.0000000       4.51713419    
   4.59999990       62.0000000       4.69852257    
   4.80000019       62.0000000       4.93826914    
   5.00000000       62.0000000       5.23378658    
   5.19999981       62.0000000       5.58252430    
   5.40000010       62.0000000       6.03596258    
   5.59999990       62.0000000       6.53734970    
   5.80000019       62.0000000       7.07816315    
   6.00000000       62.0000000       7.65216541    
   6.20000029       62.0000000       8.25248909    
   6.40000010       62.0000000       8.87186813    
   6.59999990       62.0000000       9.49100876    
   6.80000019       62.0000000       10.1139193    
   7.00000000       62.0000000       10.7283192    
   7.20000029       62.0000000       11.3262920    
   7.40000010       62.0000000       11.9014854    
   7.59999990       62.0000000       12.4480610    
   7.80000019       62.0000000       12.9670420    
   8.00000000       62.0000000       13.4655857    
   2.00000000       62.2000008       6.29606962    
   2.20000005       62.2000008       6.07014561    
   2.40000010       62.2000008       5.86280489    
   2.59999990       62.2000008       5.67724323    
   2.79999995       62.2000008       5.51748562    
   3.00000000       62.2000008       5.39039898    
   3.20000005       62.2000008       5.29649782    
   3.40000010       62.2000008       5.23976946    
   3.59999990       62.2000008       5.22392702    
   3.79999995       62.2000008       5.25216436    
   4.00000000       62.2000008       5.32071590    
   4.19999981       62.2000008       5.43794489    
   4.40000010       62.2000008       5.60503531    
   4.59999990       62.2000008       5.82151604    
   4.80000019       62.2000008       6.08644390    
   5.00000000       62.2000008       6.39449406    
   5.19999981       62.2000008       6.80545044    
   5.40000010       62.2000008       7.26781893    
   5.59999990       62.2000008       7.77044392    
   5.80000019       62.2000008       8.30450439    
   6.00000000       62.2000008       8.86422062    
   6.20000029       62.2000008       9.45645905    
   6.40000010       62.2000008       10.0778399    
   6.59999990       62.2000008       10.7095461    
   6.80000019       62.2000008       11.3419409    
   7.00000000       62.2000008       11.9623928    
   7.20000029       62.2000008       12.5548897    
   7.40000010       62.2000008       13.1004562    
   7.59999990       62.2000008       13.5856113    
   7.80000019       62.2000008       14.0083818    
   8.00000000       62.2000008       14.3873367    
   2.00000000       62.4000015       6.80667973    
   2.20000005       62.4000015       6.62007570    
   2.40000010       62.4000015       6.45465136    
   2.59999990       62.4000015       6.31326103    
   2.79999995       62.4000015       6.19892740    
   3.00000000       62.4000015       6.11476278    
   3.20000005       62.4000015       6.06581545    
   3.40000010       62.4000015       6.05372572    
   3.59999990       62.4000015       6.07987547    
   3.79999995       62.4000015       6.14627552    
   4.00000000       62.4000015       6.25436640    
   4.19999981       62.4000015       6.40499973    
   4.40000010       62.4000015       6.59843349    
   4.59999990       62.4000015       6.83440495    
   4.80000019       62.4000015       7.11222458    
   5.00000000       62.4000015       7.45802355    
   5.19999981       62.4000015       7.88272953    
   5.40000010       62.4000015       8.34498882    
   5.59999990       62.4000015       8.84258461    
   5.80000019       62.4000015       9.37315750    
   6.00000000       62.4000015       9.93980980    
   6.20000029       62.4000015       10.5493059    
   6.40000010       62.4000015       11.1819010    
   6.59999990       62.4000015       11.8329782    
   6.80000019       62.4000015       12.4958782    
   7.00000000       62.4000015       13.1594639    
   7.20000029       62.4000015       13.7994738    
   7.40000010       62.4000015       14.3734818    
   7.59999990       62.4000015       14.8166342    
   7.80000019       62.4000015       15.1148453    
   8.00000000       62.4000015       15.3348732    
   2.00000000       62.5999985       7.36485815    
   2.20000005       62.5999985       7.21283436    
   2.40000010       62.5999985       7.08313942    
   2.59999990       62.5999985       6.97816753    
   2.79999995       62.5999985       6.90035868    
   3.00000000       62.5999985       6.85211325    
   3.20000005       62.5999985       6.83570671    
   3.40000010       62.5999985       6.85319853    
   3.59999990       62.5999985       6.90696144    
   3.79999995       62.5999985       6.99867439    
   4.00000000       62.5999985       7.12790680    
   4.19999981       62.5999985       7.29518509    
   4.40000010       62.5999985       7.50062847    
   4.59999990       62.5999985       7.74399996    
   4.80000019       62.5999985       8.02475548    
   5.00000000       62.5999985       8.38051414    
   5.19999981       62.5999985       8.80034351    
   5.40000010       62.5999985       9.25452328    
   5.59999990       62.5999985       9.74135685    
   5.80000019       62.5999985       10.2591143    
   6.00000000       62.5999985       10.8169346    
   6.20000029       62.5999985       11.4128284    
   6.40000010       62.5999985       12.0333376    
   6.59999990       62.5999985       12.6757812    
   6.80000019       62.5999985       13.3361568    
   7.00000000       62.5999985       14.0110321    
   7.20000029       62.5999985       14.6907682    
   7.40000010       62.5999985       15.3395767    
   7.59999990       62.5999985       15.7853155    
   7.80000019       62.5999985       15.9268064    
   8.00000000       62.5999985       16.0066948    
   2.00000000       62.7999992       7.95201111    
   2.20000005       62.7999992       7.82842970    
   2.40000010       62.7999992       7.72735739    
   2.59999990       62.7999992       7.65074682    
   2.79999995       62.7999992       7.60051203    
   3.00000000       62.7999992       7.57862568    
   3.20000005       62.7999992       7.58656979    
   3.40000010       62.7999992       7.62580299    
   3.59999990       62.7999992       7.69753551    
   3.79999995       62.7999992       7.80269384    
   4.00000000       62.7999992       7.94186735    
   4.19999981       62.7999992       8.11533260    
   4.40000010       62.7999992       8.32303524    
   4.59999990       62.7999992       8.56472111    
   4.80000019       62.7999992       8.83965588    
   5.00000000       62.7999992       9.17191792    
   5.19999981       62.7999992       9.57499123    
   5.40000010       62.7999992       10.0080080    
   5.59999990       62.7999992       10.4691210    
   5.80000019       62.7999992       10.9561062    
   6.00000000       62.7999992       11.4695663    
   6.20000029       62.7999992       12.0214014    
   6.40000010       62.7999992       12.5895386    
   6.59999990       62.7999992       13.1687994    
   6.80000019       62.7999992       13.7513952    
   7.00000000       62.7999992       14.3244848    
   7.20000029       62.7999992       14.8658171    
   7.40000010       62.7999992       15.3394985    
   7.59999990       62.7999992       15.7060127    
   7.80000019       62.7999992       15.9588375    
   8.00000000       62.7999992       16.1361771    
   2.00000000       63.0000000       8.55230427    
   2.20000005       63.0000000       8.45183182    
   2.40000010       63.0000000       8.37331009    
   2.59999990       63.0000000       8.31823730    
   2.79999995       63.0000000       8.28810120    
   3.00000000       63.0000000       8.28428555    
   3.20000005       63.0000000       8.30801964    
   3.40000010       63.0000000       8.36034775    
   3.59999990       63.0000000       8.44208336    
   3.79999995       63.0000000       8.55381012    
   4.00000000       63.0000000       8.69582558    
   4.19999981       63.0000000       8.86817837    
   4.40000010       63.0000000       9.07063770    
   4.59999990       63.0000000       9.30271053    
   4.80000019       63.0000000       9.56364918    
   5.00000000       63.0000000       9.85245895    
   5.19999981       63.0000000       10.2174425    
   5.40000010       63.0000000       10.6178732    
   5.59999990       63.0000000       11.0407476    
   5.80000019       63.0000000       11.4833965    
   6.00000000       63.0000000       11.9426470    
   6.20000029       63.0000000       12.4163971    
   6.40000010       63.0000000       12.9132299    
   6.59999990       63.0000000       13.4099665    
   6.80000019       63.0000000       13.8978662    
   7.00000000       63.0000000       14.3657618    
   7.20000029       63.0000000       14.8004255    
   7.40000010       63.0000000       15.1886892    
   7.59999990       63.0000000       15.5217695    
   7.80000019       63.0000000       15.7998142    
   8.00000000       63.0000000       16.0324230    
   2.00000000       63.2000008       9.15593243    
   2.20000005       63.2000008       9.07328701    
   2.40000010       63.2000008       9.01151848    
   2.59999990       63.2000008       8.97184563    
   2.79999995       63.2000008       8.95545673    
   3.00000000       63.2000008       8.96336555    
   3.20000005       63.2000008       8.99639225    
   3.40000010       63.2000008       9.05525684    
   3.59999990       63.2000008       9.14048386    
   3.79999995       63.2000008       9.25238800    
   4.00000000       63.2000008       9.39105415    
   4.19999981       63.2000008       9.55634499    
   4.40000010       63.2000008       9.74787331    
   4.59999990       63.2000008       9.96501827    
   4.80000019       63.2000008       10.2069111    
   5.00000000       63.2000008       10.4724407    
   5.19999981       63.2000008       10.7602339    
   5.40000010       63.2000008       11.1122122    
   5.59999990       63.2000008       11.4917030    
   5.80000019       63.2000008       11.8856344    
   6.00000000       63.2000008       12.2906170    
   6.20000029       63.2000008       12.7026920    
   6.40000010       63.2000008       13.1172295    
   6.59999990       63.2000008       13.5288744    
   6.80000019       63.2000008       13.9413481    
   7.00000000       63.2000008       14.3371801    
   7.20000029       63.2000008       14.7088261    
   7.40000010       63.2000008       15.0510483    
   7.59999990       63.2000008       15.3610334    
   7.80000019       63.2000008       15.6392488    
   8.00000000       63.2000008       15.8894091    
   2.00000000       63.4000015       9.75626755    
   2.20000005       63.4000015       9.68707275    
   2.40000010       63.4000015       9.63745308    
   2.59999990       63.4000015       9.60835171    
   2.79999995       63.4000015       9.60062790    
   3.00000000       63.4000015       9.61503315    
   3.20000005       63.4000015       9.65218735    
   3.40000010       63.4000015       9.71255779    
   3.59999990       63.4000015       9.79645348    
   3.79999995       63.4000015       9.90400696    
   4.00000000       63.4000015       10.0350904    
   4.19999981       63.4000015       10.1894274    
   4.40000010       63.4000015       10.3665247    
   4.59999990       63.4000015       10.5656748    
   4.80000019       63.4000015       10.7859459    
   5.00000000       63.4000015       11.0261850    
   5.19999981       63.4000015       11.2850065    
   5.40000010       63.4000015       11.5607624    
   5.59999990       63.4000015       11.8611822    
   5.80000019       63.4000015       12.2084522    
   6.00000000       63.4000015       12.5634308    
   6.20000029       63.4000015       12.9227428    
   6.40000010       63.4000015       13.2827148    
   6.59999990       63.4000015       13.6394463    
   6.80000019       63.4000015       13.9889717    
   7.00000000       63.4000015       14.3274937    
   7.20000029       63.4000015       14.6517057    
   7.40000010       63.4000015       14.9591999    
   7.59999990       63.4000015       15.2487679    
   7.80000019       63.4000015       15.5206003    
   8.00000000       63.4000015       15.7762508    
   2.00000000       63.5999985       10.3497791    
   2.20000005       63.5999985       10.2902794    
   2.40000010       63.5999985       10.2489471    
   2.59999990       63.5999985       10.2264977    
   2.79999995       63.5999985       10.2235670    
   3.00000000       63.5999985       10.2406940    
   3.20000005       63.5999985       10.2782917    
   3.40000010       63.5999985       10.3366508    
   3.59999990       63.5999985       10.4158974    
   3.79999995       63.5999985       10.5160198    
   4.00000000       63.5999985       10.6368170    
   4.19999981       63.5999985       10.7779303    
   4.40000010       63.5999985       10.9388075    
   4.59999990       63.5999985       11.1187191    
   4.80000019       63.5999985       11.3167362    
   5.00000000       63.5999985       11.5317602    
   5.19999981       63.5999985       11.7624817    
   5.40000010       63.5999985       12.0074053    
   5.59999990       63.5999985       12.2648544    
   5.80000019       63.5999985       12.5329647    
   6.00000000       63.5999985       12.8097191    
   6.20000029       63.5999985       13.1129446    
   6.40000010       63.5999985       13.4285564    
   6.59999990       63.5999985       13.7420807    
   6.80000019       63.5999985       14.0508909    
   7.00000000       63.5999985       14.3526125    
   7.20000029       63.5999985       14.6452847    
   7.40000010       63.5999985       14.9275303    
   7.59999990       63.5999985       15.1986351    
   7.80000019       63.5999985       15.4586287    
   8.00000000       63.5999985       15.7082443    
   2.00000000       63.7999992       10.9340305    
   2.20000005       63.7999992       10.8817339    
   2.40000010       63.7999992       10.8460903    
   2.59999990       63.7999992       10.8272810    
   2.79999995       63.7999992       10.8262110    
   3.00000000       63.7999992       10.8432550    
   3.20000005       63.7999992       10.8786812    
   3.40000010       63.7999992       10.9326410    
   3.59999990       63.7999992       11.0051556    
   3.79999995       63.7999992       11.0961180    
   4.00000000       63.7999992       11.2052708    
   4.19999981       63.7999992       11.3322191    
   4.40000010       63.7999992       11.4764109    
   4.59999990       63.7999992       11.6371403    
   4.80000019       63.7999992       11.8135529    
   5.00000000       63.7999992       12.0046501    
   5.19999981       63.7999992       12.2092867    
   5.40000010       63.7999992       12.4261751    
   5.59999990       63.7999992       12.6539049    
   5.80000019       63.7999992       12.8909597    
   6.00000000       63.7999992       13.1357346    
   6.20000029       63.7999992       13.3865776    
   6.40000010       63.7999992       13.6418123    
   6.59999990       63.7999992       13.8998098    
   6.80000019       63.7999992       14.1590328    
   7.00000000       63.7999992       14.4181051    
   7.20000029       63.7999992       14.6758671    
   7.40000010       63.7999992       14.9314566    
   7.59999990       63.7999992       15.1843004    
   7.80000019       63.7999992       15.4341469    
   8.00000000       63.7999992       15.6810665    
   2.00000000       64.0000000       11.5051384    
   2.20000005       64.0000000       11.4575911    
   2.40000010       64.0000000       11.4254007    
   2.59999990       64.0000000       11.4089642    
   2.79999995       64.0000000       11.4086027    
   3.00000000       64.0000000       11.4245625    
   3.20000005       64.0000000       11.4565134    
   3.40000010       64.0000000       11.5049877    
   3.59999990       64.0000000       11.5699558    
   3.79999995       64.0000000       11.6512585    
   4.00000000       64.0000000       11.7485590    
   4.19999981       64.0000000       11.8612919    
   4.40000010       64.0000000       11.9891920    
   4.59999990       64.0000000       12.1316195    
   4.80000019       64.0000000       12.2878122    
   5.00000000       64.0000000       12.4569111    
   5.19999981       64.0000000       12.6379395    
   5.40000010       64.0000000       12.8298254    
   5.59999990       64.0000000       13.0314198    
   5.80000019       64.0000000       13.2415085    
   6.00000000       64.0000000       13.4588413    
   6.20000029       64.0000000       13.6821423    
   6.40000010       64.0000000       13.9101582    
   6.59999990       64.0000000       14.1414747    
   6.80000019       64.0000000       14.3749828    
   7.00000000       64.0000000       14.6098194    
   7.20000029       64.0000000       14.8451262    
   7.40000010       64.0000000       15.0802469    
   7.59999990       64.0000000       15.3146963    
   7.80000019       64.0000000       15.5477219    
   8.00000000       64.0000000       15.7794714    
   2.00000000       64.1999969       12.0677786    
   2.20000005       64.1999969       12.0225391    
   2.40000010       64.1999969       11.9913578    
   2.59999990       64.1999969       11.9745226    
   2.79999995       64.1999969       11.9722672    
   3.00000000       64.1999969       11.9847460    
   3.20000005       64.1999969       12.0120363    
   3.40000010       64.1999969       12.0541401    
   3.59999990       64.1999969       12.1109581    
   3.79999995       64.1999969       12.1823111    
   4.00000000       64.1999969       12.2679119    
   4.19999981       64.1999969       12.3673897    
   4.40000010       64.1999969       12.4802666    
   4.59999990       64.1999969       12.6059790    
   4.80000019       64.1999969       12.7438688    
   5.00000000       64.1999969       12.8931999    
   5.19999981       64.1999969       13.0531635    
   5.40000010       64.1999969       13.2228765    
   5.59999990       64.1999969       13.4014091    
   5.80000019       64.1999969       13.5877962    
   6.00000000       64.1999969       13.7810488    
   6.20000029       64.1999969       13.9801874    
   6.40000010       64.1999969       14.1842422    
   6.59999990       64.1999969       14.3922939    
   6.80000019       64.1999969       14.6034870    
   7.00000000       64.1999969       14.8170538    
   7.20000029       64.1999969       15.0323277    
   7.40000010       64.1999969       15.2487717    
   7.59999990       64.1999969       15.4659557    
   7.80000019       64.1999969       15.6835833    
   8.00000000       64.1999969       15.9014893    
   2.00000000       64.4000015       12.6235332    
   2.20000005       64.4000015       12.5792980    
   2.40000010       64.4000015       12.5479288    
   2.59999990       64.4000015       12.5296316    
   2.79999995       64.4000015       12.5245714    
   3.00000000       64.4000015       12.5328426    
   3.20000005       64.4000015       12.5544834    
   3.40000010       64.4000015       12.5894537    
   3.59999990       64.4000015       12.6376410    
   3.79999995       64.4000015       12.6988707    
   4.00000000       64.4000015       12.7728710    
   4.19999981       64.4000015       12.8593140    
   4.40000010       64.4000015       12.9577789    
   4.59999990       64.4000015       13.0677900    
   4.80000019       64.4000015       13.1887865    
   5.00000000       64.4000015       13.3201580    
   5.19999981       64.4000015       13.4612436    
   5.40000010       64.4000015       13.6113214    
   5.59999990       64.4000015       13.7696476    
   5.80000019       64.4000015       13.9354486    
   6.00000000       64.4000015       14.1079483    
   6.20000029       64.4000015       14.2863693    
   6.40000010       64.4000015       14.4699554    
   6.59999990       64.4000015       14.6579866    
   6.80000019       64.4000015       14.8497868    
   7.00000000       64.4000015       15.0447474    
   7.20000029       64.4000015       15.2423210    
   7.40000010       64.4000015       15.4420557    
   7.59999990       64.4000015       15.6435633    
   7.80000019       64.4000015       15.8465490    
   8.00000000       64.4000015       16.0508003    
   2.00000000       64.5999985       13.1717224    
   2.20000005       64.5999985       13.1281157    
   2.40000010       64.5999985       13.0962763    
   2.59999990       64.5999985       13.0763578    
   2.79999995       64.5999985       13.0683365    
   3.00000000       64.5999985       13.0720510    
   3.20000005       64.5999985       13.0878763    
   3.40000010       64.5999985       13.1157598    
   3.59999990       64.5999985       13.1555843    
   3.79999995       64.5999985       13.2071886    
   4.00000000       64.5999985       13.2703266    
   4.19999981       64.5999985       13.3447151    
   4.40000010       64.5999985       13.4299984    
   4.59999990       64.5999985       13.5257654    
   4.80000019       64.5999985       13.6315575    
   5.00000000       64.5999985       13.7468719    
   5.19999981       64.5999985       13.8711681    
   5.40000010       64.5999985       14.0038576    
   5.59999990       64.5999985       14.1443405    
   5.80000019       64.5999985       14.2920008    
   6.00000000       64.5999985       14.4462185    
   6.20000029       64.5999985       14.6063690    
   6.40000010       64.5999985       14.7718534    
   6.59999990       64.5999985       14.9420919    
   6.80000019       64.5999985       15.1165361    
   7.00000000       64.5999985       15.2946930    
   7.20000029       64.5999985       15.4760981    
   7.40000010       64.5999985       15.6603651    
   7.59999990       64.5999985       15.8471355    
   7.80000019       64.5999985       16.0352802    
   8.00000000       64.5999985       16.2252960    
   2.00000000       64.8000031       13.7123289    
   2.20000005       64.8000031       13.6686001    
   2.40000010       64.8000031       13.6356525    
   2.59999990       64.8000031       13.6135950    
   2.79999995       64.8000031       13.6024981    
   3.00000000       64.8000031       13.6023922    
   3.20000005       64.8000031       13.6132593    
   3.40000010       64.8000031       13.6350422    
   3.59999990       64.8000031       13.6676245    
   3.79999995       64.8000031       13.7107229    
   4.00000000       64.8000031       13.7640657    
   4.19999981       64.8000031       13.8274231    
   4.40000010       64.8000031       13.9007330    
   4.59999990       64.8000031       13.9836531    
   4.80000019       64.8000031       14.0757990    
   5.00000000       64.8000031       14.1767673    
   5.19999981       64.8000031       14.2861109    
   5.40000010       64.8000031       14.4033527    
   5.59999990       64.8000031       14.5280104    
   5.80000019       64.8000031       14.6595840    
   6.00000000       64.8000031       14.7972870    
   6.20000029       64.8000031       14.9408026    
   6.40000010       64.8000031       15.0896797    
   6.59999990       64.8000031       15.2434444    
   6.80000019       64.8000031       15.4016457    
   7.00000000       64.8000031       15.5638695    
   7.20000029       64.8000031       15.7297230    
   7.40000010       64.8000031       15.8988667    
   7.59999990       64.8000031       16.0709820    
   7.80000019       64.8000031       16.2458019    
   8.00000000       64.8000031       16.4230862    
   2.00000000       65.0000000       14.2498589    
   2.20000005       65.0000000       14.2050343    
   2.40000010       65.0000000       14.1701250    
   2.59999990       65.0000000       14.1452112    
   2.79999995       65.0000000       14.1303406    
   3.00000000       65.0000000       14.1255293    
   3.20000005       65.0000000       14.1307535    
   3.40000010       65.0000000       14.1459541    
   3.59999990       65.0000000       14.1710243    
   3.79999995       65.0000000       14.2058353    
   4.00000000       65.0000000       14.2501965    
   4.19999981       65.0000000       14.3039026    
   4.40000010       65.0000000       14.3667021    
   4.59999990       65.0000000       14.4383068    
   4.80000019       65.0000000       14.5183954    
   5.00000000       65.0000000       14.6066351    
   5.19999981       65.0000000       14.7026577    
   5.40000010       65.0000000       14.8060760    
   5.59999990       65.0000000       14.9164886    
   5.80000019       65.0000000       15.0334921    
   6.00000000       65.0000000       15.1566715    
   6.20000029       65.0000000       15.2856197    
   6.40000010       65.0000000       15.4199295    
   6.59999990       65.0000000       15.5592136    
   6.80000019       65.0000000       15.7030916    
   7.00000000       65.0000000       15.8512144    
   7.20000029       65.0000000       16.0032406    
   7.40000010       65.0000000       16.1588669    
   7.59999990       65.0000000       16.3178101    
   7.80000019       65.0000000       16.4798183    
   8.00000000       65.0000000       16.6446609    
